  [1m[35m (15.7ms)[0m  [1m[35mCREATE TABLE "schema_migrations" ("version" varchar NOT NULL PRIMARY KEY)[0m
  [1m[35m (15.6ms)[0m  [1m[35mCREATE TABLE "ar_internal_metadata" ("key" varchar NOT NULL PRIMARY KEY, "value" varchar, "created_at" datetime NOT NULL, "updated_at" datetime NOT NULL)[0m
  [1m[36mActiveRecord::SchemaMigration Load (0.0ms)[0m  [1m[34mSELECT "schema_migrations".* FROM "schema_migrations"[0m
Migrating to CreateProducts (20160330000001)
  [1m[35m (0.0ms)[0m  [1m[36mbegin transaction[0m
  [1m[35m (15.6ms)[0m  [1m[35mCREATE TABLE "products" ("id" INTEGER PRIMARY KEY AUTOINCREMENT NOT NULL, "title" varchar, "description" text, "image_url" varchar, "price" decimal(8,2), "created_at" datetime NOT NULL, "updated_at" datetime NOT NULL)[0m
  [1m[35mSQL (0.0ms)[0m  [1m[32mINSERT INTO "schema_migrations" ("version") VALUES (?)[0m  [["version", "20160330000001"]]
  [1m[35m (15.7ms)[0m  [1m[36mcommit transaction[0m
  [1m[36mActiveRecord::InternalMetadata Load (0.0ms)[0m  [1m[34mSELECT  "ar_internal_metadata".* FROM "ar_internal_metadata" WHERE "ar_internal_metadata"."key" = ? LIMIT ?[0m  [["key", "environment"], ["LIMIT", 1]]
  [1m[35m (0.0ms)[0m  [1m[36mbegin transaction[0m
  [1m[35mSQL (0.0ms)[0m  [1m[32mINSERT INTO "ar_internal_metadata" ("key", "value", "created_at", "updated_at") VALUES (?, ?, ?, ?)[0m  [["key", "environment"], ["value", "development"], ["created_at", "2018-07-17 00:08:44.017869"], ["updated_at", "2018-07-17 00:08:44.017869"]]
  [1m[35m (0.0ms)[0m  [1m[36mcommit transaction[0m
  [1m[36mActiveRecord::SchemaMigration Load (0.0ms)[0m  [1m[34mSELECT "schema_migrations".* FROM "schema_migrations"[0m
Started GET "/" for 127.0.0.1 at 2018-07-17 09:11:05 +0900
  [1m[36mActiveRecord::SchemaMigration Load (0.0ms)[0m  [1m[34mSELECT "schema_migrations".* FROM "schema_migrations"[0m
Processing by StoreController#index as HTML
  Rendering store/index.html.erb within layouts/application
  [1m[36mProduct Load (0.0ms)[0m  [1m[34mSELECT "products".* FROM "products" ORDER BY "products"."title" ASC[0m
  Rendered store/index.html.erb within layouts/application (15.6ms)
Completed 200 OK in 2579ms (Views: 2512.2ms | ActiveRecord: 0.0ms)


Started GET "/products" for 127.0.0.1 at 2018-07-17 09:17:41 +0900
Processing by ProductsController#index as HTML
  Rendering products/index.html.erb within layouts/application
  [1m[36mProduct Load (0.0ms)[0m  [1m[34mSELECT "products".* FROM "products"[0m
  Rendered products/index.html.erb within layouts/application (15.6ms)
Completed 200 OK in 297ms (Views: 237.2ms | ActiveRecord: 0.0ms)


Started GET "/" for 127.0.0.1 at 2018-07-17 10:21:56 +0900
Processing by StoreController#index as HTML
  Rendering store/index.html.erb within layouts/application
  [1m[36mProduct Load (0.0ms)[0m  [1m[34mSELECT "products".* FROM "products" ORDER BY "products"."title" ASC[0m
  Rendered store/index.html.erb within layouts/application (0.0ms)
Completed 200 OK in 312ms (Views: 249.8ms | ActiveRecord: 0.0ms)


Started GET "/products" for 127.0.0.1 at 2018-07-17 10:49:20 +0900
Processing by ProductsController#index as HTML
  Rendering products/index.html.erb within layouts/application
  [1m[36mProduct Load (0.0ms)[0m  [1m[34mSELECT "products".* FROM "products"[0m
  Rendered products/index.html.erb within layouts/application (3.0ms)
Completed 200 OK in 284ms (Views: 227.2ms | ActiveRecord: 0.0ms)


Started GET "/products/new" for 127.0.0.1 at 2018-07-17 10:49:45 +0900
Processing by ProductsController#new as HTML
  Rendering products/new.html.erb within layouts/application
  Rendered products/_form.html.erb (88.8ms)
  Rendered products/new.html.erb within layouts/application (130.8ms)
Completed 200 OK in 511ms (Views: 465.5ms | ActiveRecord: 0.0ms)


Started GET "/products" for 127.0.0.1 at 2018-07-17 10:49:48 +0900
Processing by ProductsController#index as HTML
  Rendering products/index.html.erb within layouts/application
  [1m[36mProduct Load (0.0ms)[0m  [1m[34mSELECT "products".* FROM "products"[0m
  Rendered products/index.html.erb within layouts/application (3.9ms)
Completed 200 OK in 228ms (Views: 186.3ms | ActiveRecord: 0.0ms)


Started GET "/products/new" for 127.0.0.1 at 2018-07-17 10:49:52 +0900
Processing by ProductsController#new as HTML
  Rendering products/new.html.erb within layouts/application
  Rendered products/_form.html.erb (3.0ms)
  Rendered products/new.html.erb within layouts/application (42.0ms)
Completed 200 OK in 294ms (Views: 251.3ms | ActiveRecord: 0.0ms)


Started POST "/products" for 127.0.0.1 at 2018-07-17 10:52:14 +0900
Processing by ProductsController#create as HTML
  Parameters: {"utf8"=>"✓", "authenticity_token"=>"PlO8M1gWL6yLDtBw2aHD8wbp6GnZPbwi6FmSwj2F2xiI0W5+8q+kQ3zk3CS+qEUmZaL+Vgy1ssyM/x7PTF80MA==", "product"=>{"title"=>"Web Engineering Ex10", "description"=>"This is the Exercise 10 of Web Engineering class.\r\ns1240234 Yuta Nemoto", "image_url"=>"http://web-int.u-aizu.ac.jp/~vkluev/courses/webengineering/images/logo.jpg", "price"=>""}, "commit"=>"Create Product"}
  [1m[35m (0.0ms)[0m  [1m[36mbegin transaction[0m
  [1m[36mProduct Exists (0.0ms)[0m  [1m[34mSELECT  1 AS one FROM "products" WHERE "products"."title" = ? LIMIT ?[0m  [["title", "Web Engineering Ex10"], ["LIMIT", 1]]
  [1m[35m (0.0ms)[0m  [1m[31mrollback transaction[0m
  Rendering products/new.html.erb within layouts/application
  Rendered products/_form.html.erb (4.0ms)
  Rendered products/new.html.erb within layouts/application (43.0ms)
Completed 200 OK in 433ms (Views: 368.2ms | ActiveRecord: 0.0ms)


Started POST "/products" for 127.0.0.1 at 2018-07-17 10:52:47 +0900
Processing by ProductsController#create as HTML
  Parameters: {"utf8"=>"✓", "authenticity_token"=>"pwxDsdUDIbDiDeSe3vzbWmg5vUHVaJ6E8GHJXJNAZss2Z42fvlE+aH2glT4oodj7M9PCteC5INvztvt1LhoJMA==", "product"=>{"title"=>"Web Engineering Ex10", "description"=>"This is the Exercise 10 of Web Engineering class.\r\ns1240234 Yuta Nemoto", "image_url"=>"http://web-int.u-aizu.ac.jp/~vkluev/courses/webengineering/images/logo.jpg", "price"=>"10,000"}, "commit"=>"Create Product"}
  [1m[35m (0.0ms)[0m  [1m[36mbegin transaction[0m
  [1m[36mProduct Exists (1.0ms)[0m  [1m[34mSELECT  1 AS one FROM "products" WHERE "products"."title" = ? LIMIT ?[0m  [["title", "Web Engineering Ex10"], ["LIMIT", 1]]
  [1m[35m (0.0ms)[0m  [1m[31mrollback transaction[0m
  Rendering products/new.html.erb within layouts/application
  Rendered products/_form.html.erb (3.0ms)
  Rendered products/new.html.erb within layouts/application (44.0ms)
Completed 200 OK in 266ms (Views: 250.7ms | ActiveRecord: 1.0ms)


Started POST "/products" for 127.0.0.1 at 2018-07-17 10:52:57 +0900
Processing by ProductsController#create as HTML
  Parameters: {"utf8"=>"✓", "authenticity_token"=>"VK3wVlGEJ1VVq4/e004+sDOftXBjyXoXxY6qqXcrURLFxj54OtY4jcoG/n4lEz0RaHXKhFYYxEjGWZiAynE+6Q==", "product"=>{"title"=>"Web Engineering Ex10", "description"=>"This is the Exercise 10 of Web Engineering class.\r\ns1240234 Yuta Nemoto", "image_url"=>"http://web-int.u-aizu.ac.jp/~vkluev/courses/webengineering/images/logo.jpg", "price"=>"10000"}, "commit"=>"Create Product"}
  [1m[35m (0.0ms)[0m  [1m[36mbegin transaction[0m
  [1m[36mProduct Exists (1.0ms)[0m  [1m[34mSELECT  1 AS one FROM "products" WHERE "products"."title" = ? LIMIT ?[0m  [["title", "Web Engineering Ex10"], ["LIMIT", 1]]
  [1m[35mSQL (2.7ms)[0m  [1m[32mINSERT INTO "products" ("title", "description", "image_url", "price", "created_at", "updated_at") VALUES (?, ?, ?, ?, ?, ?)[0m  [["title", "Web Engineering Ex10"], ["description", "This is the Exercise 10 of Web Engineering class.\r\ns1240234 Yuta Nemoto"], ["image_url", "http://web-int.u-aizu.ac.jp/~vkluev/courses/webengineering/images/logo.jpg"], ["price", 10000.0], ["created_at", "2018-07-17 01:52:57.186487"], ["updated_at", "2018-07-17 01:52:57.186487"]]
  [1m[35m (17.9ms)[0m  [1m[36mcommit transaction[0m
Redirected to http://localhost:3000/products/1
Completed 302 Found in 34ms (ActiveRecord: 21.5ms)


Started GET "/products/1" for 127.0.0.1 at 2018-07-17 10:52:57 +0900
Processing by ProductsController#show as HTML
  Parameters: {"id"=>"1"}
  [1m[36mProduct Load (2.0ms)[0m  [1m[34mSELECT  "products".* FROM "products" WHERE "products"."id" = ? LIMIT ?[0m  [["id", 1], ["LIMIT", 1]]
  Rendering products/show.html.erb within layouts/application
  Rendered products/show.html.erb within layouts/application (2.0ms)
Completed 200 OK in 454ms (Views: 315.7ms | ActiveRecord: 2.0ms)


Started GET "/products" for 127.0.0.1 at 2018-07-17 10:53:03 +0900
Processing by ProductsController#index as HTML
  Rendering products/index.html.erb within layouts/application
  [1m[36mProduct Load (1.0ms)[0m  [1m[34mSELECT "products".* FROM "products"[0m
  Rendered products/index.html.erb within layouts/application (17.2ms)
Completed 200 OK in 488ms (Views: 399.0ms | ActiveRecord: 1.0ms)


Started GET "/" for 127.0.0.1 at 2018-07-17 10:54:42 +0900
Processing by StoreController#index as HTML
  Rendering store/index.html.erb within layouts/application
  [1m[36mProduct Load (0.0ms)[0m  [1m[34mSELECT "products".* FROM "products" ORDER BY "products"."title" ASC[0m
  Rendered store/index.html.erb within layouts/application (25.6ms)
Completed 200 OK in 258ms (Views: 215.7ms | ActiveRecord: 0.0ms)


