Started GET "/" for 127.0.0.1 at 2018-07-08 19:00:03 +0900
  
ActiveRecord::PendingMigrationError (

Migrations are pending. To resolve this issue, run:

        bin/rails db:migrate RAILS_ENV=development

):
  
activerecord (5.0.7) lib/active_record/migration.rb:573:in `check_pending!'
activerecord (5.0.7) lib/active_record/migration.rb:549:in `call'
actionpack (5.0.7) lib/action_dispatch/middleware/callbacks.rb:38:in `block in call'
activesupport (5.0.7) lib/active_support/callbacks.rb:97:in `__run_callbacks__'
activesupport (5.0.7) lib/active_support/callbacks.rb:750:in `_run_call_callbacks'
activesupport (5.0.7) lib/active_support/callbacks.rb:90:in `run_callbacks'
actionpack (5.0.7) lib/action_dispatch/middleware/callbacks.rb:36:in `call'
actionpack (5.0.7) lib/action_dispatch/middleware/executor.rb:12:in `call'
actionpack (5.0.7) lib/action_dispatch/middleware/remote_ip.rb:79:in `call'
actionpack (5.0.7) lib/action_dispatch/middleware/debug_exceptions.rb:49:in `call'
web-console (3.6.2) lib/web_console/middleware.rb:135:in `call_app'
web-console (3.6.2) lib/web_console/middleware.rb:30:in `block in call'
web-console (3.6.2) lib/web_console/middleware.rb:20:in `catch'
web-console (3.6.2) lib/web_console/middleware.rb:20:in `call'
actionpack (5.0.7) lib/action_dispatch/middleware/show_exceptions.rb:31:in `call'
railties (5.0.7) lib/rails/rack/logger.rb:36:in `call_app'
railties (5.0.7) lib/rails/rack/logger.rb:24:in `block in call'
activesupport (5.0.7) lib/active_support/tagged_logging.rb:69:in `block in tagged'
activesupport (5.0.7) lib/active_support/tagged_logging.rb:26:in `tagged'
activesupport (5.0.7) lib/active_support/tagged_logging.rb:69:in `tagged'
railties (5.0.7) lib/rails/rack/logger.rb:24:in `call'
sprockets-rails (3.2.1) lib/sprockets/rails/quiet_assets.rb:13:in `call'
actionpack (5.0.7) lib/action_dispatch/middleware/request_id.rb:24:in `call'
rack (2.0.5) lib/rack/method_override.rb:22:in `call'
rack (2.0.5) lib/rack/runtime.rb:22:in `call'
activesupport (5.0.7) lib/active_support/cache/strategy/local_cache_middleware.rb:28:in `call'
actionpack (5.0.7) lib/action_dispatch/middleware/executor.rb:12:in `call'
actionpack (5.0.7) lib/action_dispatch/middleware/static.rb:136:in `call'
rack (2.0.5) lib/rack/sendfile.rb:111:in `call'
railties (5.0.7) lib/rails/engine.rb:522:in `call'
puma (3.11.4) lib/puma/configuration.rb:225:in `call'
puma (3.11.4) lib/puma/server.rb:632:in `handle_request'
puma (3.11.4) lib/puma/server.rb:446:in `process_client'
puma (3.11.4) lib/puma/server.rb:306:in `block in run'
puma (3.11.4) lib/puma/thread_pool.rb:120:in `block in spawn_thread'
  Rendering C:/RailsInstaller/Ruby2.3.3/lib/ruby/gems/2.3.0/gems/actionpack-5.0.7/lib/action_dispatch/middleware/templates/rescues/diagnostics.html.erb within rescues/layout
  Rendering C:/RailsInstaller/Ruby2.3.3/lib/ruby/gems/2.3.0/gems/actionpack-5.0.7/lib/action_dispatch/middleware/templates/rescues/_source.html.erb
  Rendered C:/RailsInstaller/Ruby2.3.3/lib/ruby/gems/2.3.0/gems/actionpack-5.0.7/lib/action_dispatch/middleware/templates/rescues/_source.html.erb (0.0ms)
  Rendering C:/RailsInstaller/Ruby2.3.3/lib/ruby/gems/2.3.0/gems/actionpack-5.0.7/lib/action_dispatch/middleware/templates/rescues/_trace.html.erb
  Rendered C:/RailsInstaller/Ruby2.3.3/lib/ruby/gems/2.3.0/gems/actionpack-5.0.7/lib/action_dispatch/middleware/templates/rescues/_trace.html.erb (0.0ms)
  Rendering C:/RailsInstaller/Ruby2.3.3/lib/ruby/gems/2.3.0/gems/actionpack-5.0.7/lib/action_dispatch/middleware/templates/rescues/_request_and_response.html.erb
  Rendered C:/RailsInstaller/Ruby2.3.3/lib/ruby/gems/2.3.0/gems/actionpack-5.0.7/lib/action_dispatch/middleware/templates/rescues/_request_and_response.html.erb (0.0ms)
  Rendered C:/RailsInstaller/Ruby2.3.3/lib/ruby/gems/2.3.0/gems/actionpack-5.0.7/lib/action_dispatch/middleware/templates/rescues/diagnostics.html.erb within rescues/layout (1741.6ms)
  [1m[35m (15.7ms)[0m  [1m[35mCREATE TABLE "schema_migrations" ("version" varchar NOT NULL PRIMARY KEY)[0m
  [1m[35m (0.0ms)[0m  [1m[35mCREATE TABLE "ar_internal_metadata" ("key" varchar NOT NULL PRIMARY KEY, "value" varchar, "created_at" datetime NOT NULL, "updated_at" datetime NOT NULL)[0m
  [1m[36mActiveRecord::SchemaMigration Load (0.0ms)[0m  [1m[34mSELECT "schema_migrations".* FROM "schema_migrations"[0m
Migrating to CreateProducts (20160330000001)
  [1m[35m (0.0ms)[0m  [1m[36mbegin transaction[0m
  [1m[35m (0.0ms)[0m  [1m[35mCREATE TABLE "products" ("id" INTEGER PRIMARY KEY AUTOINCREMENT NOT NULL, "title" varchar, "description" text, "image_url" varchar, "price" decimal(8,2), "created_at" datetime NOT NULL, "updated_at" datetime NOT NULL)[0m
  [1m[35mSQL (0.0ms)[0m  [1m[32mINSERT INTO "schema_migrations" ("version") VALUES (?)[0m  [["version", "20160330000001"]]
  [1m[35m (15.6ms)[0m  [1m[36mcommit transaction[0m
  [1m[36mActiveRecord::InternalMetadata Load (0.0ms)[0m  [1m[34mSELECT  "ar_internal_metadata".* FROM "ar_internal_metadata" WHERE "ar_internal_metadata"."key" = ? LIMIT ?[0m  [["key", "environment"], ["LIMIT", 1]]
  [1m[35m (0.0ms)[0m  [1m[36mbegin transaction[0m
  [1m[35mSQL (0.0ms)[0m  [1m[32mINSERT INTO "ar_internal_metadata" ("key", "value", "created_at", "updated_at") VALUES (?, ?, ?, ?)[0m  [["key", "environment"], ["value", "development"], ["created_at", "2018-07-08 10:00:34.703311"], ["updated_at", "2018-07-08 10:00:34.703311"]]
  [1m[35m (15.6ms)[0m  [1m[36mcommit transaction[0m
  [1m[36mActiveRecord::SchemaMigration Load (0.0ms)[0m  [1m[34mSELECT "schema_migrations".* FROM "schema_migrations"[0m
Started GET "/" for 127.0.0.1 at 2018-07-08 19:00:47 +0900
  [1m[36mActiveRecord::SchemaMigration Load (0.0ms)[0m  [1m[34mSELECT "schema_migrations".* FROM "schema_migrations"[0m
Processing by Rails::WelcomeController#index as HTML
  Parameters: {"internal"=>true}
  Rendering C:/RailsInstaller/Ruby2.3.3/lib/ruby/gems/2.3.0/gems/railties-5.0.7/lib/rails/templates/rails/welcome/index.html.erb
  Rendered C:/RailsInstaller/Ruby2.3.3/lib/ruby/gems/2.3.0/gems/railties-5.0.7/lib/rails/templates/rails/welcome/index.html.erb (15.6ms)
Completed 200 OK in 138ms (Views: 71.0ms | ActiveRecord: 0.0ms)


Started GET "/products" for 127.0.0.1 at 2018-07-08 19:00:54 +0900
Processing by ProductsController#index as HTML
  Rendering products/index.html.erb within layouts/application
  [1m[36mProduct Load (0.0ms)[0m  [1m[34mSELECT "products".* FROM "products"[0m
  Rendered products/index.html.erb within layouts/application (17.8ms)
Completed 200 OK in 2566ms (Views: 2508.4ms | ActiveRecord: 0.0ms)


Started GET "/products/new" for 127.0.0.1 at 2018-07-08 19:01:57 +0900
Processing by ProductsController#new as HTML
  Rendering products/new.html.erb within layouts/application
  Rendered products/_form.html.erb (43.0ms)
  Rendered products/new.html.erb within layouts/application (85.0ms)
Completed 200 OK in 315ms (Views: 264.6ms | ActiveRecord: 2.0ms)


Started GET "/products" for 127.0.0.1 at 2018-07-08 19:02:07 +0900
Processing by ProductsController#index as HTML
  Rendering products/index.html.erb within layouts/application
  [1m[36mProduct Load (1.0ms)[0m  [1m[34mSELECT "products".* FROM "products"[0m
  Rendered products/index.html.erb within layouts/application (5.0ms)
Completed 200 OK in 230ms (Views: 185.5ms | ActiveRecord: 1.0ms)


Started GET "/products/new" for 127.0.0.1 at 2018-07-08 19:02:13 +0900
Processing by ProductsController#new as HTML
  Rendering products/new.html.erb within layouts/application
  Rendered products/_form.html.erb (3.0ms)
  Rendered products/new.html.erb within layouts/application (50.0ms)
Completed 200 OK in 310ms (Views: 265.1ms | ActiveRecord: 0.0ms)


Started POST "/products" for 127.0.0.1 at 2018-07-08 19:04:08 +0900
Processing by ProductsController#create as HTML
  Parameters: {"utf8"=>"✓", "authenticity_token"=>"d7zne2OD/4ZoPLg7DSWf7ui2o/gAqwF42vtjMwn1WJN6Zj/zI2hNGc8G9kpDATzN1408rQHUm0ZSMt/VpWVCoA==", "product"=>{"title"=>"WebEng Ex07", "description"=>"I'm Yuta Nemoto.\r\ns1240234\r\nThis is the Exercise 7.", "image_url"=>"", "price"=>"800000000"}, "commit"=>"Create Product"}
  [1m[35m (0.0ms)[0m  [1m[36mbegin transaction[0m
  [1m[36mProduct Exists (1.0ms)[0m  [1m[34mSELECT  1 AS one FROM "products" WHERE "products"."title" = ? LIMIT ?[0m  [["title", "WebEng Ex07"], ["LIMIT", 1]]
  [1m[35m (0.0ms)[0m  [1m[31mrollback transaction[0m
  Rendering products/new.html.erb within layouts/application
  Rendered products/_form.html.erb (5.0ms)
  Rendered products/new.html.erb within layouts/application (46.0ms)
Completed 200 OK in 264ms (Views: 231.6ms | ActiveRecord: 1.0ms)


Started GET "/products" for 127.0.0.1 at 2018-07-08 19:04:40 +0900
Processing by ProductsController#index as HTML
  Rendering products/index.html.erb within layouts/application
  [1m[36mProduct Load (0.0ms)[0m  [1m[34mSELECT "products".* FROM "products"[0m
  Rendered products/index.html.erb within layouts/application (4.7ms)
Completed 200 OK in 228ms (Views: 186.6ms | ActiveRecord: 0.0ms)


Started GET "/products/new" for 127.0.0.1 at 2018-07-08 19:04:42 +0900
Processing by ProductsController#new as HTML
  Rendering products/new.html.erb within layouts/application
  Rendered products/_form.html.erb (3.0ms)
  Rendered products/new.html.erb within layouts/application (44.0ms)
Completed 200 OK in 264ms (Views: 222.4ms | ActiveRecord: 0.0ms)


Started POST "/products" for 127.0.0.1 at 2018-07-08 19:05:23 +0900
Processing by ProductsController#create as HTML
  Parameters: {"utf8"=>"✓", "authenticity_token"=>"AiZ80g+ck0MXsv80phoot7/Amn4qw3f4uXUvLvSK3tAP/KRaT3ch3LCIsUXoPouUgPsFKyu87cYxvJPIWBrE4w==", "product"=>{"title"=>"WebEng Ex07", "description"=>"I'm Yuta Nemoto. s1240234.\r\nThis is the Exercise 7.", "image_url"=>"https://www.google.com/images/branding/googlelogo/2x/googlelogo_color_120x44dp.png", "price"=>"800000000"}, "commit"=>"Create Product"}
  [1m[35m (1.0ms)[0m  [1m[36mbegin transaction[0m
  [1m[36mProduct Exists (1.0ms)[0m  [1m[34mSELECT  1 AS one FROM "products" WHERE "products"."title" = ? LIMIT ?[0m  [["title", "WebEng Ex07"], ["LIMIT", 1]]
  [1m[35mSQL (1.0ms)[0m  [1m[32mINSERT INTO "products" ("title", "description", "image_url", "price", "created_at", "updated_at") VALUES (?, ?, ?, ?, ?, ?)[0m  [["title", "WebEng Ex07"], ["description", "I'm Yuta Nemoto. s1240234.\r\nThis is the Exercise 7."], ["image_url", "https://www.google.com/images/branding/googlelogo/2x/googlelogo_color_120x44dp.png"], ["price", 800000000.0], ["created_at", "2018-07-08 10:05:23.641010"], ["updated_at", "2018-07-08 10:05:23.641010"]]
  [1m[35m (29.1ms)[0m  [1m[36mcommit transaction[0m
Redirected to http://localhost:3000/products/1
Completed 302 Found in 52ms (ActiveRecord: 32.1ms)


Started GET "/products/1" for 127.0.0.1 at 2018-07-08 19:05:23 +0900
Processing by ProductsController#show as HTML
  Parameters: {"id"=>"1"}
  [1m[36mProduct Load (1.0ms)[0m  [1m[34mSELECT  "products".* FROM "products" WHERE "products"."id" = ? LIMIT ?[0m  [["id", 1], ["LIMIT", 1]]
  Rendering products/show.html.erb within layouts/application
  Rendered products/show.html.erb within layouts/application (3.0ms)
Completed 200 OK in 239ms (Views: 181.8ms | ActiveRecord: 1.0ms)


Started GET "/products" for 127.0.0.1 at 2018-07-08 19:05:29 +0900
Processing by ProductsController#index as HTML
  Rendering products/index.html.erb within layouts/application
  [1m[36mProduct Load (1.0ms)[0m  [1m[34mSELECT "products".* FROM "products"[0m
  Rendered products/index.html.erb within layouts/application (10.0ms)
Completed 200 OK in 227ms (Views: 183.5ms | ActiveRecord: 1.0ms)


Started GET "/products/new" for 127.0.0.1 at 2018-07-08 19:05:31 +0900
Processing by ProductsController#new as HTML
  Rendering products/new.html.erb within layouts/application
  Rendered products/_form.html.erb (2.0ms)
  Rendered products/new.html.erb within layouts/application (46.0ms)
Completed 200 OK in 265ms (Views: 221.6ms | ActiveRecord: 0.0ms)


Started GET "/products" for 127.0.0.1 at 2018-07-08 19:05:35 +0900
Processing by ProductsController#index as HTML
  Rendering products/index.html.erb within layouts/application
  [1m[36mProduct Load (1.0ms)[0m  [1m[34mSELECT "products".* FROM "products"[0m
  Rendered products/index.html.erb within layouts/application (10.0ms)
Completed 200 OK in 237ms (Views: 196.1ms | ActiveRecord: 1.0ms)


Started DELETE "/products/1" for 127.0.0.1 at 2018-07-08 19:05:38 +0900
Processing by ProductsController#destroy as HTML
  Parameters: {"authenticity_token"=>"5/V19dyjhnemd9rHZuIgxXZpVd8ZW0mCjuKQHhwiSIdmceVmjf0QOPMlavDAViOid5D2tpb86CPCghVlr3ZIbA==", "id"=>"1"}
  [1m[36mProduct Load (1.0ms)[0m  [1m[34mSELECT  "products".* FROM "products" WHERE "products"."id" = ? LIMIT ?[0m  [["id", 1], ["LIMIT", 1]]
  [1m[35m (0.0ms)[0m  [1m[36mbegin transaction[0m
  [1m[35mSQL (1.7ms)[0m  [1m[31mDELETE FROM "products" WHERE "products"."id" = ?[0m  [["id", 1]]
  [1m[35m (29.1ms)[0m  [1m[36mcommit transaction[0m
Redirected to http://localhost:3000/products
Completed 302 Found in 49ms (ActiveRecord: 31.8ms)


Started GET "/products" for 127.0.0.1 at 2018-07-08 19:05:38 +0900
Processing by ProductsController#index as HTML
  Rendering products/index.html.erb within layouts/application
  [1m[36mProduct Load (0.0ms)[0m  [1m[34mSELECT "products".* FROM "products"[0m
  Rendered products/index.html.erb within layouts/application (5.0ms)
Completed 200 OK in 411ms (Views: 286.6ms | ActiveRecord: 0.0ms)


Started GET "/products" for 127.0.0.1 at 2018-07-08 19:05:42 +0900
Processing by ProductsController#index as HTML
  Rendering products/index.html.erb within layouts/application
  [1m[36mProduct Load (1.0ms)[0m  [1m[34mSELECT "products".* FROM "products"[0m
  Rendered products/index.html.erb within layouts/application (6.0ms)
Completed 200 OK in 228ms (Views: 184.8ms | ActiveRecord: 1.0ms)


Started GET "/products/new" for 127.0.0.1 at 2018-07-08 19:06:27 +0900
Processing by ProductsController#new as HTML
  Rendering products/new.html.erb within layouts/application
  Rendered products/_form.html.erb (3.0ms)
  Rendered products/new.html.erb within layouts/application (45.7ms)
Completed 200 OK in 274ms (Views: 230.9ms | ActiveRecord: 0.0ms)


Started POST "/products" for 127.0.0.1 at 2018-07-08 19:07:13 +0900
Processing by ProductsController#create as HTML
  Parameters: {"utf8"=>"✓", "authenticity_token"=>"5UkZzFE8Ry4GPUzwfr1FNPXcEqQZTJD+ElPwCzvwrPHok8FEEdf1saEHAoEwmeYXyueN8RgzCsCamkztl2C2wg==", "product"=>{"title"=>"WebEng Ex07", "description"=>"I'm Yuta Nemoto. s1240234.\r\nThis is the Exercise 7.", "image_url"=>"https://www.google.com/images/branding/googlelogo/2x/googlelogo_color_120x44dp.png", "price"=>"8000000000"}, "commit"=>"Create Product"}
  [1m[35m (0.0ms)[0m  [1m[36mbegin transaction[0m
  [1m[36mProduct Exists (0.0ms)[0m  [1m[34mSELECT  1 AS one FROM "products" WHERE "products"."title" = ? LIMIT ?[0m  [["title", "WebEng Ex07"], ["LIMIT", 1]]
  [1m[35mSQL (2.0ms)[0m  [1m[32mINSERT INTO "products" ("title", "description", "image_url", "price", "created_at", "updated_at") VALUES (?, ?, ?, ?, ?, ?)[0m  [["title", "WebEng Ex07"], ["description", "I'm Yuta Nemoto. s1240234.\r\nThis is the Exercise 7."], ["image_url", "https://www.google.com/images/branding/googlelogo/2x/googlelogo_color_120x44dp.png"], ["price", 8000000000.0], ["created_at", "2018-07-08 10:07:13.843339"], ["updated_at", "2018-07-08 10:07:13.843339"]]
  [1m[35m (9.0ms)[0m  [1m[36mcommit transaction[0m
Redirected to http://localhost:3000/products/2
Completed 302 Found in 32ms (ActiveRecord: 11.0ms)


Started GET "/products/2" for 127.0.0.1 at 2018-07-08 19:07:13 +0900
Processing by ProductsController#show as HTML
  Parameters: {"id"=>"2"}
  [1m[36mProduct Load (0.0ms)[0m  [1m[34mSELECT  "products".* FROM "products" WHERE "products"."id" = ? LIMIT ?[0m  [["id", 2], ["LIMIT", 1]]
  Rendering products/show.html.erb within layouts/application
  Rendered products/show.html.erb within layouts/application (1.0ms)
Completed 200 OK in 227ms (Views: 180.2ms | ActiveRecord: 0.0ms)


Started GET "/products/2/edit" for 127.0.0.1 at 2018-07-08 19:07:27 +0900
Processing by ProductsController#edit as HTML
  Parameters: {"id"=>"2"}
  [1m[36mProduct Load (0.0ms)[0m  [1m[34mSELECT  "products".* FROM "products" WHERE "products"."id" = ? LIMIT ?[0m  [["id", 2], ["LIMIT", 1]]
  Rendering products/edit.html.erb within layouts/application
  Rendered products/_form.html.erb (3.0ms)
  Rendered products/edit.html.erb within layouts/application (47.0ms)
Completed 200 OK in 272ms (Views: 222.8ms | ActiveRecord: 0.0ms)


Started GET "/products/2" for 127.0.0.1 at 2018-07-08 19:07:34 +0900
Processing by ProductsController#show as HTML
  Parameters: {"id"=>"2"}
  [1m[36mProduct Load (1.0ms)[0m  [1m[34mSELECT  "products".* FROM "products" WHERE "products"."id" = ? LIMIT ?[0m  [["id", 2], ["LIMIT", 1]]
  Rendering products/show.html.erb within layouts/application
  Rendered products/show.html.erb within layouts/application (2.0ms)
Completed 200 OK in 228ms (Views: 182.4ms | ActiveRecord: 1.0ms)


Started GET "/products/2/edit" for 127.0.0.1 at 2018-07-08 19:07:37 +0900
Processing by ProductsController#edit as HTML
  Parameters: {"id"=>"2"}
  [1m[36mProduct Load (0.0ms)[0m  [1m[34mSELECT  "products".* FROM "products" WHERE "products"."id" = ? LIMIT ?[0m  [["id", 2], ["LIMIT", 1]]
  Rendering products/edit.html.erb within layouts/application
  Rendered products/_form.html.erb (3.0ms)
  Rendered products/edit.html.erb within layouts/application (49.0ms)
Completed 200 OK in 294ms (Views: 245.7ms | ActiveRecord: 0.0ms)


Started PATCH "/products/2" for 127.0.0.1 at 2018-07-08 19:07:40 +0900
Processing by ProductsController#update as HTML
  Parameters: {"utf8"=>"✓", "authenticity_token"=>"nGK3w9IwNpk2Fv9Wz1SMEH6yLzxcSggU+K7ZLtgu1K18WuDeVuOzJGdNAxUZ8Vpz1OqLwUSNchh5I1DJ+nlWVQ==", "product"=>{"title"=>"WebEng Ex07", "description"=>"I'm Yuta Nemoto. s1240234.\r\nThis is the Exercise 7.", "image_url"=>"https://www.google.com/images/branding/googlelogo/2x/googlelogo_color_120x44dp.png", "price"=>"8000000000.0"}, "commit"=>"Update Product", "id"=>"2"}
  [1m[36mProduct Load (0.0ms)[0m  [1m[34mSELECT  "products".* FROM "products" WHERE "products"."id" = ? LIMIT ?[0m  [["id", 2], ["LIMIT", 1]]
  [1m[35m (0.0ms)[0m  [1m[36mbegin transaction[0m
  [1m[36mProduct Exists (0.0ms)[0m  [1m[34mSELECT  1 AS one FROM "products" WHERE "products"."title" = ? AND ("products"."id" != ?) LIMIT ?[0m  [["title", "WebEng Ex07"], ["id", 2], ["LIMIT", 1]]
  [1m[35m (1.0ms)[0m  [1m[36mcommit transaction[0m
Redirected to http://localhost:3000/products/2
Completed 302 Found in 27ms (ActiveRecord: 1.0ms)


Started GET "/products/2" for 127.0.0.1 at 2018-07-08 19:07:40 +0900
Processing by ProductsController#show as HTML
  Parameters: {"id"=>"2"}
  [1m[36mProduct Load (0.0ms)[0m  [1m[34mSELECT  "products".* FROM "products" WHERE "products"."id" = ? LIMIT ?[0m  [["id", 2], ["LIMIT", 1]]
  Rendering products/show.html.erb within layouts/application
  Rendered products/show.html.erb within layouts/application (1.0ms)
Completed 200 OK in 230ms (Views: 180.4ms | ActiveRecord: 0.0ms)


Started GET "/products" for 127.0.0.1 at 2018-07-08 19:07:46 +0900
Processing by ProductsController#index as HTML
  Rendering products/index.html.erb within layouts/application
  [1m[36mProduct Load (1.0ms)[0m  [1m[34mSELECT "products".* FROM "products"[0m
  Rendered products/index.html.erb within layouts/application (7.0ms)
Completed 200 OK in 225ms (Views: 181.5ms | ActiveRecord: 1.0ms)


Started GET "/products/2" for 127.0.0.1 at 2018-07-08 19:08:04 +0900
Processing by ProductsController#show as HTML
  Parameters: {"id"=>"2"}
  [1m[36mProduct Load (0.0ms)[0m  [1m[34mSELECT  "products".* FROM "products" WHERE "products"."id" = ? LIMIT ?[0m  [["id", 2], ["LIMIT", 1]]
  Rendering products/show.html.erb within layouts/application
  Rendered products/show.html.erb within layouts/application (2.0ms)
Completed 200 OK in 228ms (Views: 179.5ms | ActiveRecord: 0.0ms)


Started GET "/products" for 127.0.0.1 at 2018-07-08 19:08:15 +0900
Processing by ProductsController#index as HTML
  Rendering products/index.html.erb within layouts/application
  [1m[36mProduct Load (0.0ms)[0m  [1m[34mSELECT "products".* FROM "products"[0m
  Rendered products/index.html.erb within layouts/application (7.0ms)
Completed 200 OK in 242ms (Views: 199.6ms | ActiveRecord: 0.0ms)


Started DELETE "/products/2" for 127.0.0.1 at 2018-07-08 19:08:38 +0900
Processing by ProductsController#destroy as HTML
  Parameters: {"authenticity_token"=>"jBp/vXxXlZ5cnDbIjKt1P2s2kQl6kzUj8uxM3kxMzrcNnu8uLQkD0QnOhv8qH3ZYas8yYPU0lIK+jMml/xjOXA==", "id"=>"2"}
  [1m[36mProduct Load (1.0ms)[0m  [1m[34mSELECT  "products".* FROM "products" WHERE "products"."id" = ? LIMIT ?[0m  [["id", 2], ["LIMIT", 1]]
  [1m[35m (0.0ms)[0m  [1m[36mbegin transaction[0m
  [1m[35mSQL (4.0ms)[0m  [1m[31mDELETE FROM "products" WHERE "products"."id" = ?[0m  [["id", 2]]
  [1m[35m (10.0ms)[0m  [1m[36mcommit transaction[0m
Redirected to http://localhost:3000/products
Completed 302 Found in 32ms (ActiveRecord: 15.0ms)


Started GET "/products" for 127.0.0.1 at 2018-07-08 19:08:38 +0900
Processing by ProductsController#index as HTML
  Rendering products/index.html.erb within layouts/application
  [1m[36mProduct Load (0.0ms)[0m  [1m[34mSELECT "products".* FROM "products"[0m
  Rendered products/index.html.erb within layouts/application (5.0ms)
Completed 200 OK in 238ms (Views: 195.0ms | ActiveRecord: 0.0ms)


