  [1m[35m (15.6ms)[0m  [1m[35mCREATE TABLE "schema_migrations" ("version" varchar NOT NULL PRIMARY KEY)[0m
  [1m[35m (0.0ms)[0m  [1m[35mCREATE TABLE "ar_internal_metadata" ("key" varchar NOT NULL PRIMARY KEY, "value" varchar, "created_at" datetime NOT NULL, "updated_at" datetime NOT NULL)[0m
  [1m[36mActiveRecord::SchemaMigration Load (0.0ms)[0m  [1m[34mSELECT "schema_migrations".* FROM "schema_migrations"[0m
Migrating to CreateProducts (20160330000001)
  [1m[35m (0.0ms)[0m  [1m[36mbegin transaction[0m
  [1m[35m (0.0ms)[0m  [1m[35mCREATE TABLE "products" ("id" INTEGER PRIMARY KEY AUTOINCREMENT NOT NULL, "title" varchar, "description" text, "image_url" varchar, "price" decimal(8,2), "created_at" datetime NOT NULL, "updated_at" datetime NOT NULL)[0m
  [1m[35mSQL (0.0ms)[0m  [1m[32mINSERT INTO "schema_migrations" ("version") VALUES (?)[0m  [["version", "20160330000001"]]
  [1m[35m (15.7ms)[0m  [1m[36mcommit transaction[0m
Migrating to CreateCarts (20160330000002)
  [1m[35m (0.0ms)[0m  [1m[36mbegin transaction[0m
  [1m[35m (0.0ms)[0m  [1m[35mCREATE TABLE "carts" ("id" INTEGER PRIMARY KEY AUTOINCREMENT NOT NULL, "created_at" datetime NOT NULL, "updated_at" datetime NOT NULL)[0m
  [1m[35mSQL (0.0ms)[0m  [1m[32mINSERT INTO "schema_migrations" ("version") VALUES (?)[0m  [["version", "20160330000002"]]
  [1m[35m (0.0ms)[0m  [1m[36mcommit transaction[0m
Migrating to CreateLineItems (20160330000003)
  [1m[35m (0.0ms)[0m  [1m[36mbegin transaction[0m
  [1m[35m (15.6ms)[0m  [1m[35mCREATE TABLE "line_items" ("id" INTEGER PRIMARY KEY AUTOINCREMENT NOT NULL, "product_id" integer, "cart_id" integer, "created_at" datetime NOT NULL, "updated_at" datetime NOT NULL)[0m
  [1m[35m (0.0ms)[0m  [1m[34mselect sqlite_version(*)[0m
  [1m[35m (0.0ms)[0m  [1m[35mCREATE  INDEX "index_line_items_on_product_id" ON "line_items" ("product_id")[0m
  [1m[35m (0.0ms)[0m  [1m[34m            SELECT sql
            FROM sqlite_master
            WHERE name='index_line_items_on_product_id' AND type='index'
            UNION ALL
            SELECT sql
            FROM sqlite_temp_master
            WHERE name='index_line_items_on_product_id' AND type='index'
[0m
  [1m[35m (0.0ms)[0m  [1m[35mCREATE  INDEX "index_line_items_on_cart_id" ON "line_items" ("cart_id")[0m
  [1m[35mSQL (0.0ms)[0m  [1m[32mINSERT INTO "schema_migrations" ("version") VALUES (?)[0m  [["version", "20160330000003"]]
  [1m[35m (15.7ms)[0m  [1m[36mcommit transaction[0m
Migrating to AddQuantityToLineItems (20160330000004)
  [1m[35m (0.0ms)[0m  [1m[36mbegin transaction[0m
  [1m[35m (0.0ms)[0m  [1m[35mALTER TABLE "line_items" ADD "quantity" integer DEFAULT 1[0m
  [1m[35mSQL (0.0ms)[0m  [1m[32mINSERT INTO "schema_migrations" ("version") VALUES (?)[0m  [["version", "20160330000004"]]
  [1m[35m (0.0ms)[0m  [1m[36mcommit transaction[0m
Migrating to CombineItemsInCart (20160330000005)
  [1m[35m (0.0ms)[0m  [1m[36mbegin transaction[0m
  [1m[36mCart Load (0.0ms)[0m  [1m[34mSELECT "carts".* FROM "carts"[0m
  [1m[35mSQL (15.6ms)[0m  [1m[32mINSERT INTO "schema_migrations" ("version") VALUES (?)[0m  [["version", "20160330000005"]]
  [1m[35m (0.0ms)[0m  [1m[36mcommit transaction[0m
Migrating to AddPriceToLineItem (20160330000006)
  [1m[35m (0.0ms)[0m  [1m[36mbegin transaction[0m
  [1m[35m (0.0ms)[0m  [1m[35mALTER TABLE "line_items" ADD "price" decimal[0m
  [1m[36mLineItem Load (0.0ms)[0m  [1m[34mSELECT "line_items".* FROM "line_items"[0m
  [1m[35mSQL (0.0ms)[0m  [1m[32mINSERT INTO "schema_migrations" ("version") VALUES (?)[0m  [["version", "20160330000006"]]
  [1m[35m (15.6ms)[0m  [1m[36mcommit transaction[0m
Migrating to CreateOrders (20160330000007)
  [1m[35m (0.0ms)[0m  [1m[36mbegin transaction[0m
  [1m[35m (0.0ms)[0m  [1m[35mCREATE TABLE "orders" ("id" INTEGER PRIMARY KEY AUTOINCREMENT NOT NULL, "name" varchar, "address" text, "email" varchar, "pay_type" integer, "created_at" datetime NOT NULL, "updated_at" datetime NOT NULL)[0m
  [1m[35mSQL (0.0ms)[0m  [1m[32mINSERT INTO "schema_migrations" ("version") VALUES (?)[0m  [["version", "20160330000007"]]
  [1m[35m (15.7ms)[0m  [1m[36mcommit transaction[0m
Migrating to AddOrderIdToLineItem (20160330000008)
  [1m[35m (0.0ms)[0m  [1m[36mbegin transaction[0m
  [1m[35m (0.0ms)[0m  [1m[35mALTER TABLE "line_items" ADD "order_id" integer[0m
  [1m[35mSQL (0.0ms)[0m  [1m[32mINSERT INTO "schema_migrations" ("version") VALUES (?)[0m  [["version", "20160330000008"]]
  [1m[35m (15.7ms)[0m  [1m[36mcommit transaction[0m
  [1m[36mActiveRecord::InternalMetadata Load (0.0ms)[0m  [1m[34mSELECT  "ar_internal_metadata".* FROM "ar_internal_metadata" WHERE "ar_internal_metadata"."key" = ? LIMIT ?[0m  [["key", "environment"], ["LIMIT", 1]]
  [1m[35m (0.0ms)[0m  [1m[36mbegin transaction[0m
  [1m[35mSQL (0.0ms)[0m  [1m[32mINSERT INTO "ar_internal_metadata" ("key", "value", "created_at", "updated_at") VALUES (?, ?, ?, ?)[0m  [["key", "environment"], ["value", "development"], ["created_at", "2018-07-20 00:15:57.950364"], ["updated_at", "2018-07-20 00:15:57.950364"]]
  [1m[35m (31.3ms)[0m  [1m[36mcommit transaction[0m
  [1m[36mActiveRecord::SchemaMigration Load (15.6ms)[0m  [1m[34mSELECT "schema_migrations".* FROM "schema_migrations"[0m
  [1m[35m (15.6ms)[0m  [1m[34m            SELECT sql
            FROM sqlite_master
            WHERE name='index_line_items_on_cart_id' AND type='index'
            UNION ALL
            SELECT sql
            FROM sqlite_temp_master
            WHERE name='index_line_items_on_cart_id' AND type='index'
[0m
  [1m[35m (0.0ms)[0m  [1m[34m            SELECT sql
            FROM sqlite_master
            WHERE name='index_line_items_on_product_id' AND type='index'
            UNION ALL
            SELECT sql
            FROM sqlite_temp_master
            WHERE name='index_line_items_on_product_id' AND type='index'
[0m
Started GET "/" for 127.0.0.1 at 2018-07-20 09:16:35 +0900
  [1m[36mActiveRecord::SchemaMigration Load (0.0ms)[0m  [1m[34mSELECT "schema_migrations".* FROM "schema_migrations"[0m
Processing by StoreController#index as HTML
  [1m[36mCart Load (0.0ms)[0m  [1m[34mSELECT  "carts".* FROM "carts" WHERE "carts"."id" = ? LIMIT ?[0m  [["id", nil], ["LIMIT", 1]]
  [1m[35m (0.0ms)[0m  [1m[36mbegin transaction[0m
  [1m[35mSQL (0.0ms)[0m  [1m[32mINSERT INTO "carts" ("created_at", "updated_at") VALUES (?, ?)[0m  [["created_at", "2018-07-20 00:16:36.129304"], ["updated_at", "2018-07-20 00:16:36.129304"]]
  [1m[35m (31.3ms)[0m  [1m[36mcommit transaction[0m
  Rendering store/index.html.erb within layouts/application
  [1m[36mProduct Load (0.0ms)[0m  [1m[34mSELECT "products".* FROM "products" ORDER BY "products"."title" ASC[0m
  Rendered store/index.html.erb within layouts/application (15.6ms)
  [1m[36mLineItem Exists (0.0ms)[0m  [1m[34mSELECT  1 AS one FROM "line_items" WHERE "line_items"."cart_id" = ? LIMIT ?[0m  [["cart_id", 1], ["LIMIT", 1]]
  [1m[36mLineItem Load (0.0ms)[0m  [1m[34mSELECT "line_items".* FROM "line_items" WHERE "line_items"."cart_id" = ?[0m  [["cart_id", 1]]
  Rendered collection of templates [0 times] (0.0ms)
  Rendered carts/_cart.html.erb (46.9ms)
Completed 200 OK in 3829ms (Views: 3666.6ms | ActiveRecord: 31.3ms)


Started GET "/" for 127.0.0.1 at 2018-07-20 09:16:59 +0900
Processing by StoreController#index as HTML
  [1m[36mCart Load (0.0ms)[0m  [1m[34mSELECT  "carts".* FROM "carts" WHERE "carts"."id" = ? LIMIT ?[0m  [["id", nil], ["LIMIT", 1]]
  [1m[35m (0.0ms)[0m  [1m[36mbegin transaction[0m
  [1m[35mSQL (0.0ms)[0m  [1m[32mINSERT INTO "carts" ("created_at", "updated_at") VALUES (?, ?)[0m  [["created_at", "2018-07-20 00:16:59.804385"], ["updated_at", "2018-07-20 00:16:59.804385"]]
  [1m[35m (15.6ms)[0m  [1m[36mcommit transaction[0m
  Rendering store/index.html.erb within layouts/application
  [1m[36mProduct Load (0.0ms)[0m  [1m[34mSELECT "products".* FROM "products" ORDER BY "products"."title" ASC[0m
  Rendered store/index.html.erb within layouts/application (15.6ms)
  [1m[36mLineItem Exists (0.0ms)[0m  [1m[34mSELECT  1 AS one FROM "line_items" WHERE "line_items"."cart_id" = ? LIMIT ?[0m  [["cart_id", 2], ["LIMIT", 1]]
  [1m[36mLineItem Load (0.0ms)[0m  [1m[34mSELECT "line_items".* FROM "line_items" WHERE "line_items"."cart_id" = ?[0m  [["cart_id", 2]]
  Rendered collection of templates [0 times] (0.0ms)
  Rendered carts/_cart.html.erb (0.0ms)
Completed 200 OK in 391ms (Views: 319.0ms | ActiveRecord: 15.6ms)


Started GET "/cable" for 127.0.0.1 at 2018-07-20 09:17:01 +0900
Started GET "/cable/" [WebSocket] for 127.0.0.1 at 2018-07-20 09:17:02 +0900
Successfully upgraded to WebSocket (REQUEST_METHOD: GET, HTTP_CONNECTION: keep-alive, Upgrade, HTTP_UPGRADE: websocket)
ProductsChannel is transmitting the subscription confirmation
ProductsChannel is streaming from products
Finished "/cable/" [WebSocket] for 127.0.0.1 at 2018-07-20 09:17:12 +0900
ProductsChannel stopped streaming from products
Started GET "/products" for 127.0.0.1 at 2018-07-20 09:17:12 +0900
Processing by ProductsController#index as HTML
  Rendering products/index.html.erb within layouts/application
  [1m[36mProduct Load (0.0ms)[0m  [1m[34mSELECT "products".* FROM "products"[0m
  Rendered products/index.html.erb within layouts/application (15.6ms)
Completed 200 OK in 281ms (Views: 250.0ms | ActiveRecord: 0.0ms)


Started GET "/cable" for 127.0.0.1 at 2018-07-20 09:17:12 +0900
Started GET "/cable/" [WebSocket] for 127.0.0.1 at 2018-07-20 09:17:13 +0900
Successfully upgraded to WebSocket (REQUEST_METHOD: GET, HTTP_CONNECTION: keep-alive, Upgrade, HTTP_UPGRADE: websocket)
ProductsChannel is transmitting the subscription confirmation
ProductsChannel is streaming from products
Started GET "/products/new" for 127.0.0.1 at 2018-07-20 09:17:16 +0900
Processing by ProductsController#new as HTML
  Rendering products/new.html.erb within layouts/application
  Rendered products/_form.html.erb (46.9ms)
  Rendered products/new.html.erb within layouts/application (93.7ms)
Completed 200 OK in 625ms (Views: 520.4ms | ActiveRecord: 0.0ms)


Started GET "/products/new" for 127.0.0.1 at 2018-07-20 09:19:17 +0900
Processing by ProductsController#new as HTML
  Rendering products/new.html.erb within layouts/application
  Rendered products/_form.html.erb (3.0ms)
  Rendered products/new.html.erb within layouts/application (47.0ms)
Completed 200 OK in 337ms (Views: 292.7ms | ActiveRecord: 0.0ms)


Finished "/cable/" [WebSocket] for 127.0.0.1 at 2018-07-20 09:34:38 +0900
ProductsChannel stopped streaming from products
Started GET "/cable" for 127.0.0.1 at 2018-07-20 09:34:39 +0900
Started GET "/cable/" [WebSocket] for 127.0.0.1 at 2018-07-20 09:34:39 +0900
Successfully upgraded to WebSocket (REQUEST_METHOD: GET, HTTP_CONNECTION: keep-alive, Upgrade, HTTP_UPGRADE: websocket)
ProductsChannel is transmitting the subscription confirmation
ProductsChannel is streaming from products
Finished "/cable/" [WebSocket] for 127.0.0.1 at 2018-07-20 09:40:08 +0900
ProductsChannel stopped streaming from products
Started POST "/products" for 127.0.0.1 at 2018-07-20 09:40:08 +0900
Processing by ProductsController#create as HTML
  Parameters: {"utf8"=>"✓", "authenticity_token"=>"DkNKVk3gRTIgtdm8SBba9byFXegqOcROpn0u2GWh38jJJR9E7RqmVXG6D6wnqH4q9howuzKV8l7DlRiZqxT7AA==", "product"=>{"title"=>"Web Engineering Ex11", "description"=>"This is the Exercise 11 Problem 1 of Web Engineering class.\r\ns1240234 Yuta Nemoto", "image_url"=>"http://web-int.u-aizu.ac.jp/~vkluev/courses/webengineering/images/logo.jpg", "price"=>"25.25"}, "commit"=>"Create Product"}
  [1m[35m (1.0ms)[0m  [1m[36mbegin transaction[0m
  [1m[36mProduct Exists (1.0ms)[0m  [1m[34mSELECT  1 AS one FROM "products" WHERE "products"."title" = ? LIMIT ?[0m  [["title", "Web Engineering Ex11"], ["LIMIT", 1]]
  [1m[35mSQL (2.0ms)[0m  [1m[32mINSERT INTO "products" ("title", "description", "image_url", "price", "created_at", "updated_at") VALUES (?, ?, ?, ?, ?, ?)[0m  [["title", "Web Engineering Ex11"], ["description", "This is the Exercise 11 Problem 1 of Web Engineering class.\r\ns1240234 Yuta Nemoto"], ["image_url", "http://web-int.u-aizu.ac.jp/~vkluev/courses/webengineering/images/logo.jpg"], ["price", 25.25], ["created_at", "2018-07-20 00:40:08.543601"], ["updated_at", "2018-07-20 00:40:08.543601"]]
  [1m[35m (11.0ms)[0m  [1m[36mcommit transaction[0m
Redirected to http://localhost:3000/products/1
Completed 302 Found in 34ms (ActiveRecord: 15.0ms)


Started GET "/products/1" for 127.0.0.1 at 2018-07-20 09:40:08 +0900
Processing by ProductsController#show as HTML
  Parameters: {"id"=>"1"}
  [1m[36mProduct Load (1.0ms)[0m  [1m[34mSELECT  "products".* FROM "products" WHERE "products"."id" = ? LIMIT ?[0m  [["id", 1], ["LIMIT", 1]]
  Rendering products/show.html.erb within layouts/application
  Rendered products/show.html.erb within layouts/application (2.0ms)
Completed 200 OK in 329ms (Views: 272.3ms | ActiveRecord: 1.0ms)


Started GET "/cable" for 127.0.0.1 at 2018-07-20 09:40:09 +0900
Started GET "/cable/" [WebSocket] for 127.0.0.1 at 2018-07-20 09:40:09 +0900
Successfully upgraded to WebSocket (REQUEST_METHOD: GET, HTTP_CONNECTION: keep-alive, Upgrade, HTTP_UPGRADE: websocket)
ProductsChannel is transmitting the subscription confirmation
ProductsChannel is streaming from products
Started GET "/products" for 127.0.0.1 at 2018-07-20 09:40:15 +0900
Processing by ProductsController#index as HTML
  Rendering products/index.html.erb within layouts/application
  [1m[36mProduct Load (1.0ms)[0m  [1m[34mSELECT "products".* FROM "products"[0m
  Rendered products/index.html.erb within layouts/application (13.4ms)
Completed 200 OK in 298ms (Views: 254.4ms | ActiveRecord: 1.0ms)


Finished "/cable/" [WebSocket] for 127.0.0.1 at 2018-07-20 09:40:29 +0900
ProductsChannel stopped streaming from products
Started GET "/" for 127.0.0.1 at 2018-07-20 09:40:29 +0900
Processing by StoreController#index as HTML
  [1m[36mCart Load (0.0ms)[0m  [1m[34mSELECT  "carts".* FROM "carts" WHERE "carts"."id" = ? LIMIT ?[0m  [["id", 2], ["LIMIT", 1]]
  Rendering store/index.html.erb within layouts/application
  [1m[36mProduct Load (1.0ms)[0m  [1m[34mSELECT "products".* FROM "products" ORDER BY "products"."title" ASC[0m
  Rendered store/index.html.erb within layouts/application (9.0ms)
  [1m[36mLineItem Exists (1.0ms)[0m  [1m[34mSELECT  1 AS one FROM "line_items" WHERE "line_items"."cart_id" = ? LIMIT ?[0m  [["cart_id", 2], ["LIMIT", 1]]
  [1m[36mLineItem Load (0.0ms)[0m  [1m[34mSELECT "line_items".* FROM "line_items" WHERE "line_items"."cart_id" = ?[0m  [["cart_id", 2]]
  Rendered collection of templates [0 times] (0.0ms)
  Rendered carts/_cart.html.erb (6.4ms)
Completed 200 OK in 364ms (Views: 311.7ms | ActiveRecord: 2.0ms)


Started GET "/cable" for 127.0.0.1 at 2018-07-20 09:40:29 +0900
Started GET "/cable/" [WebSocket] for 127.0.0.1 at 2018-07-20 09:40:30 +0900
Successfully upgraded to WebSocket (REQUEST_METHOD: GET, HTTP_CONNECTION: keep-alive, Upgrade, HTTP_UPGRADE: websocket)
ProductsChannel is transmitting the subscription confirmation
ProductsChannel is streaming from products
Started POST "/line_items?product_id=1" for 127.0.0.1 at 2018-07-20 09:40:43 +0900
Processing by LineItemsController#create as JS
  Parameters: {"authenticity_token"=>"MhpKL6M5wdmwcJW4y+4QSWCr12z3LZsN9SOTWKczKV7TeuzXIpn1AbJEuG1Dch0Ss4OfONH1l+2BeVZPf80+UA==", "product_id"=>"1"}
  [1m[36mCart Load (1.0ms)[0m  [1m[34mSELECT  "carts".* FROM "carts" WHERE "carts"."id" = ? LIMIT ?[0m  [["id", 2], ["LIMIT", 1]]
  [1m[36mProduct Load (1.0ms)[0m  [1m[34mSELECT  "products".* FROM "products" WHERE "products"."id" = ? LIMIT ?[0m  [["id", 1], ["LIMIT", 1]]
  [1m[36mLineItem Load (0.0ms)[0m  [1m[34mSELECT  "line_items".* FROM "line_items" WHERE "line_items"."cart_id" = ? AND "line_items"."product_id" = ? LIMIT ?[0m  [["cart_id", 2], ["product_id", 1], ["LIMIT", 1]]
  [1m[36mProduct Load (1.0ms)[0m  [1m[34mSELECT  "products".* FROM "products" WHERE "products"."id" = ? LIMIT ?[0m  [["id", 1], ["LIMIT", 1]]
  [1m[35m (0.0ms)[0m  [1m[36mbegin transaction[0m
  [1m[35mSQL (2.0ms)[0m  [1m[32mINSERT INTO "line_items" ("product_id", "cart_id", "created_at", "updated_at", "price") VALUES (?, ?, ?, ?, ?)[0m  [["product_id", 1], ["cart_id", 2], ["created_at", "2018-07-20 00:40:43.513737"], ["updated_at", "2018-07-20 00:40:43.513737"], ["price", 25.25]]
  [1m[35m (18.2ms)[0m  [1m[36mcommit transaction[0m
  Rendering line_items/create.js.erb
  [1m[36mLineItem Load (1.0ms)[0m  [1m[34mSELECT "line_items".* FROM "line_items" WHERE "line_items"."cart_id" = ?[0m  [["cart_id", 2]]
  Rendered collection of line_items/_line_item.html.erb [1 times] (1.0ms)
  Rendered carts/_cart.html.erb (66.9ms)
  Rendered line_items/create.js.erb (127.6ms)
Completed 200 OK in 538ms (Views: 294.8ms | ActiveRecord: 24.1ms)


Finished "/cable/" [WebSocket] for 127.0.0.1 at 2018-07-20 09:41:10 +0900
ProductsChannel stopped streaming from products
Started DELETE "/carts/2" for 127.0.0.1 at 2018-07-20 09:41:10 +0900
Processing by CartsController#destroy as HTML
  Parameters: {"authenticity_token"=>"eGTacli5Z6Dq3vI4dxgpqTpeGvoqvm8bqc55Q00SLb5AWZLw5Ix2iFqDpWD2k+fEKht+6wikKPSdARuPdbJe7Q==", "id"=>"2"}
  [1m[36mCart Load (0.0ms)[0m  [1m[34mSELECT  "carts".* FROM "carts" WHERE "carts"."id" = ? LIMIT ?[0m  [["id", 2], ["LIMIT", 1]]
  [1m[35m (0.0ms)[0m  [1m[36mbegin transaction[0m
  [1m[36mLineItem Load (0.0ms)[0m  [1m[34mSELECT "line_items".* FROM "line_items" WHERE "line_items"."cart_id" = ?[0m  [["cart_id", 2]]
  [1m[35mSQL (4.0ms)[0m  [1m[31mDELETE FROM "line_items" WHERE "line_items"."id" = ?[0m  [["id", 1]]
  [1m[35mSQL (0.0ms)[0m  [1m[31mDELETE FROM "carts" WHERE "carts"."id" = ?[0m  [["id", 2]]
  [1m[35m (10.9ms)[0m  [1m[36mcommit transaction[0m
Redirected to http://localhost:3000/
Completed 302 Found in 32ms (ActiveRecord: 14.9ms)


Started GET "/" for 127.0.0.1 at 2018-07-20 09:41:11 +0900
Processing by StoreController#index as HTML
  [1m[36mCart Load (1.0ms)[0m  [1m[34mSELECT  "carts".* FROM "carts" WHERE "carts"."id" = ? LIMIT ?[0m  [["id", nil], ["LIMIT", 1]]
  [1m[35m (0.0ms)[0m  [1m[36mbegin transaction[0m
  [1m[35mSQL (4.1ms)[0m  [1m[32mINSERT INTO "carts" ("created_at", "updated_at") VALUES (?, ?)[0m  [["created_at", "2018-07-20 00:41:11.128990"], ["updated_at", "2018-07-20 00:41:11.128990"]]
  [1m[35m (15.8ms)[0m  [1m[36mcommit transaction[0m
  Rendering store/index.html.erb within layouts/application
  [1m[36mProduct Load (0.0ms)[0m  [1m[34mSELECT "products".* FROM "products" ORDER BY "products"."title" ASC[0m
  Rendered store/index.html.erb within layouts/application (8.4ms)
  [1m[36mLineItem Exists (1.0ms)[0m  [1m[34mSELECT  1 AS one FROM "line_items" WHERE "line_items"."cart_id" = ? LIMIT ?[0m  [["cart_id", 3], ["LIMIT", 1]]
  [1m[36mLineItem Load (0.0ms)[0m  [1m[34mSELECT "line_items".* FROM "line_items" WHERE "line_items"."cart_id" = ?[0m  [["cart_id", 3]]
  Rendered collection of templates [0 times] (0.0ms)
  Rendered carts/_cart.html.erb (7.0ms)
Completed 200 OK in 414ms (Views: 335.1ms | ActiveRecord: 21.8ms)


Started GET "/cable" for 127.0.0.1 at 2018-07-20 09:41:11 +0900
Started GET "/cable/" [WebSocket] for 127.0.0.1 at 2018-07-20 09:41:11 +0900
Successfully upgraded to WebSocket (REQUEST_METHOD: GET, HTTP_CONNECTION: keep-alive, Upgrade, HTTP_UPGRADE: websocket)
ProductsChannel is transmitting the subscription confirmation
ProductsChannel is streaming from products
Started POST "/line_items?product_id=1" for 127.0.0.1 at 2018-07-20 09:41:14 +0900
Processing by LineItemsController#create as JS
  Parameters: {"authenticity_token"=>"tbikQr8ftkSXWhAIq50IfWkALycaDNXKo+J4/kkCtBBU2AK6Pr+CnJVuPd0jAQUmuihnczzU2SrXuL3pkfyjHg==", "product_id"=>"1"}
  [1m[36mCart Load (1.0ms)[0m  [1m[34mSELECT  "carts".* FROM "carts" WHERE "carts"."id" = ? LIMIT ?[0m  [["id", 3], ["LIMIT", 1]]
  [1m[36mProduct Load (0.0ms)[0m  [1m[34mSELECT  "products".* FROM "products" WHERE "products"."id" = ? LIMIT ?[0m  [["id", 1], ["LIMIT", 1]]
  [1m[36mLineItem Load (1.0ms)[0m  [1m[34mSELECT  "line_items".* FROM "line_items" WHERE "line_items"."cart_id" = ? AND "line_items"."product_id" = ? LIMIT ?[0m  [["cart_id", 3], ["product_id", 1], ["LIMIT", 1]]
  [1m[36mProduct Load (1.0ms)[0m  [1m[34mSELECT  "products".* FROM "products" WHERE "products"."id" = ? LIMIT ?[0m  [["id", 1], ["LIMIT", 1]]
  [1m[35m (0.0ms)[0m  [1m[36mbegin transaction[0m
  [1m[35mSQL (5.0ms)[0m  [1m[32mINSERT INTO "line_items" ("product_id", "cart_id", "created_at", "updated_at", "price") VALUES (?, ?, ?, ?, ?)[0m  [["product_id", 1], ["cart_id", 3], ["created_at", "2018-07-20 00:41:14.445643"], ["updated_at", "2018-07-20 00:41:14.445643"], ["price", 25.25]]
  [1m[35m (14.0ms)[0m  [1m[36mcommit transaction[0m
  Rendering line_items/create.js.erb
  [1m[36mLineItem Load (0.0ms)[0m  [1m[34mSELECT "line_items".* FROM "line_items" WHERE "line_items"."cart_id" = ?[0m  [["cart_id", 3]]
  Rendered collection of line_items/_line_item.html.erb [1 times] (2.0ms)
  Rendered carts/_cart.html.erb (65.0ms)
  Rendered line_items/create.js.erb (126.7ms)
Completed 200 OK in 473ms (Views: 296.5ms | ActiveRecord: 22.0ms)


Finished "/cable/" [WebSocket] for 127.0.0.1 at 2018-07-20 09:41:18 +0900
ProductsChannel stopped streaming from products
Started GET "/orders/new" for 127.0.0.1 at 2018-07-20 09:41:18 +0900
Processing by OrdersController#new as HTML
  [1m[36mCart Load (1.0ms)[0m  [1m[34mSELECT  "carts".* FROM "carts" WHERE "carts"."id" = ? LIMIT ?[0m  [["id", 3], ["LIMIT", 1]]
  [1m[36mLineItem Exists (0.0ms)[0m  [1m[34mSELECT  1 AS one FROM "line_items" WHERE "line_items"."cart_id" = ? LIMIT ?[0m  [["cart_id", 3], ["LIMIT", 1]]
  Rendering orders/new.html.erb within layouts/application
  Rendered orders/_form.html.erb (19.8ms)
  Rendered orders/new.html.erb within layouts/application (62.8ms)
  [1m[36mLineItem Exists (0.0ms)[0m  [1m[34mSELECT  1 AS one FROM "line_items" WHERE "line_items"."cart_id" = ? LIMIT ?[0m  [["cart_id", 3], ["LIMIT", 1]]
  [1m[36mLineItem Load (1.0ms)[0m  [1m[34mSELECT "line_items".* FROM "line_items" WHERE "line_items"."cart_id" = ?[0m  [["cart_id", 3]]
  [1m[36mProduct Load (1.0ms)[0m  [1m[34mSELECT  "products".* FROM "products" WHERE "products"."id" = ? LIMIT ?[0m  [["id", 1], ["LIMIT", 1]]
  Rendered collection of line_items/_line_item.html.erb [1 times] (6.0ms)
  Rendered carts/_cart.html.erb (53.6ms)
Completed 200 OK in 728ms (Views: 564.2ms | ActiveRecord: 6.0ms)


Started GET "/cable" for 127.0.0.1 at 2018-07-20 09:41:19 +0900
Started GET "/cable/" [WebSocket] for 127.0.0.1 at 2018-07-20 09:41:19 +0900
Successfully upgraded to WebSocket (REQUEST_METHOD: GET, HTTP_CONNECTION: keep-alive, Upgrade, HTTP_UPGRADE: websocket)
ProductsChannel is transmitting the subscription confirmation
ProductsChannel is streaming from products
Finished "/cable/" [WebSocket] for 127.0.0.1 at 2018-07-20 09:43:48 +0900
ProductsChannel stopped streaming from products
Started POST "/orders" for 127.0.0.1 at 2018-07-20 09:43:48 +0900
Processing by OrdersController#create as HTML
  Parameters: {"utf8"=>"✓", "authenticity_token"=>"f2ZoOrqmGHN7wkNDhj+KNA2BYYokPahWrMQCqH/rMCOeBs7COwYsq3n2bpYOo4dv3qkp3gLlpLbYnse/pxUnLQ==", "order"=>{"name"=>"Yuta Nemoto", "address"=>"Univ.Aizu Aizu-wakamatsu, Fukushima, Japan", "email"=>"s1240234@u-aizu.ac.jp", "pay_type"=>"Purchase order"}, "commit"=>"Place Order"}
  [1m[36mCart Load (0.0ms)[0m  [1m[34mSELECT  "carts".* FROM "carts" WHERE "carts"."id" = ? LIMIT ?[0m  [["id", 3], ["LIMIT", 1]]
  [1m[36mLineItem Load (0.0ms)[0m  [1m[34mSELECT "line_items".* FROM "line_items" WHERE "line_items"."cart_id" = ?[0m  [["cart_id", 3]]
  [1m[35m (0.0ms)[0m  [1m[36mbegin transaction[0m
  [1m[35mSQL (4.1ms)[0m  [1m[32mINSERT INTO "orders" ("name", "address", "email", "pay_type", "created_at", "updated_at") VALUES (?, ?, ?, ?, ?, ?)[0m  [["name", "Yuta Nemoto"], ["address", "Univ.Aizu Aizu-wakamatsu, Fukushima, Japan"], ["email", "s1240234@u-aizu.ac.jp"], ["pay_type", 2], ["created_at", "2018-07-20 00:43:48.269117"], ["updated_at", "2018-07-20 00:43:48.269117"]]
  [1m[35mSQL (0.0ms)[0m  [1m[33mUPDATE "line_items" SET "cart_id" = ?, "order_id" = ?, "updated_at" = ? WHERE "line_items"."id" = ?[0m  [["cart_id", nil], ["order_id", 1], ["updated_at", "2018-07-20 00:43:48.281825"], ["id", 2]]
  [1m[35m (9.0ms)[0m  [1m[36mcommit transaction[0m
  [1m[36mCart Load (0.0ms)[0m  [1m[34mSELECT  "carts".* FROM "carts" WHERE "carts"."id" = ? LIMIT ?[0m  [["id", 3], ["LIMIT", 1]]
  [1m[35m (1.0ms)[0m  [1m[36mbegin transaction[0m
  [1m[36mLineItem Load (1.0ms)[0m  [1m[34mSELECT "line_items".* FROM "line_items" WHERE "line_items"."cart_id" = ?[0m  [["cart_id", 3]]
  [1m[35mSQL (1.0ms)[0m  [1m[31mDELETE FROM "carts" WHERE "carts"."id" = ?[0m  [["id", 3]]
  [1m[35m (9.0ms)[0m  [1m[36mcommit transaction[0m
Redirected to http://localhost:3000/
Completed 302 Found in 82ms (ActiveRecord: 25.2ms)


Started GET "/" for 127.0.0.1 at 2018-07-20 09:43:48 +0900
Processing by StoreController#index as HTML
  [1m[36mCart Load (0.0ms)[0m  [1m[34mSELECT  "carts".* FROM "carts" WHERE "carts"."id" = ? LIMIT ?[0m  [["id", nil], ["LIMIT", 1]]
  [1m[35m (0.0ms)[0m  [1m[36mbegin transaction[0m
  [1m[35mSQL (5.0ms)[0m  [1m[32mINSERT INTO "carts" ("created_at", "updated_at") VALUES (?, ?)[0m  [["created_at", "2018-07-20 00:43:48.402560"], ["updated_at", "2018-07-20 00:43:48.402560"]]
  [1m[35m (10.0ms)[0m  [1m[36mcommit transaction[0m
  Rendering store/index.html.erb within layouts/application
  [1m[36mProduct Load (0.0ms)[0m  [1m[34mSELECT "products".* FROM "products" ORDER BY "products"."title" ASC[0m
  Rendered store/index.html.erb within layouts/application (6.0ms)
  [1m[36mLineItem Exists (0.0ms)[0m  [1m[34mSELECT  1 AS one FROM "line_items" WHERE "line_items"."cart_id" = ? LIMIT ?[0m  [["cart_id", 4], ["LIMIT", 1]]
  [1m[36mLineItem Load (0.0ms)[0m  [1m[34mSELECT "line_items".* FROM "line_items" WHERE "line_items"."cart_id" = ?[0m  [["cart_id", 4]]
  Rendered collection of templates [0 times] (0.0ms)
  Rendered carts/_cart.html.erb (6.0ms)
Completed 200 OK in 376ms (Views: 305.8ms | ActiveRecord: 15.0ms)


Started GET "/cable" for 127.0.0.1 at 2018-07-20 09:43:48 +0900
Started GET "/cable/" [WebSocket] for 127.0.0.1 at 2018-07-20 09:43:49 +0900
Successfully upgraded to WebSocket (REQUEST_METHOD: GET, HTTP_CONNECTION: keep-alive, Upgrade, HTTP_UPGRADE: websocket)
ProductsChannel is transmitting the subscription confirmation
ProductsChannel is streaming from products
Finished "/cable/" [WebSocket] for 127.0.0.1 at 2018-07-20 10:01:31 +0900
ProductsChannel stopped streaming from products
Started GET "/" for 127.0.0.1 at 2018-07-20 10:47:53 +0900
Processing by StoreController#index as HTML
  [1m[36mCart Load (0.0ms)[0m  [1m[34mSELECT  "carts".* FROM "carts" WHERE "carts"."id" = ? LIMIT ?[0m  [["id", 4], ["LIMIT", 1]]
  Rendering store/index.html.erb within layouts/application
  [1m[36mProduct Load (0.0ms)[0m  [1m[34mSELECT "products".* FROM "products" ORDER BY "products"."title" ASC[0m
  Rendered store/index.html.erb within layouts/application (0.0ms)
  [1m[36mLineItem Exists (0.0ms)[0m  [1m[34mSELECT  1 AS one FROM "line_items" WHERE "line_items"."cart_id" = ? LIMIT ?[0m  [["cart_id", 4], ["LIMIT", 1]]
  [1m[36mLineItem Load (0.0ms)[0m  [1m[34mSELECT "line_items".* FROM "line_items" WHERE "line_items"."cart_id" = ?[0m  [["cart_id", 4]]
  Rendered collection of templates [0 times] (0.0ms)
  Rendered carts/_cart.html.erb (0.0ms)
Completed 200 OK in 360ms (Views: 303.2ms | ActiveRecord: 0.0ms)


Started GET "/cable" for 127.0.0.1 at 2018-07-20 10:47:54 +0900
Started GET "/cable/" [WebSocket] for 127.0.0.1 at 2018-07-20 10:47:54 +0900
Successfully upgraded to WebSocket (REQUEST_METHOD: GET, HTTP_CONNECTION: keep-alive, Upgrade, HTTP_UPGRADE: websocket)
ProductsChannel is transmitting the subscription confirmation
ProductsChannel is streaming from products
Finished "/cable/" [WebSocket] for 127.0.0.1 at 2018-07-20 10:48:07 +0900
Started GET "/" for 127.0.0.1 at 2018-07-20 10:48:07 +0900
ProductsChannel stopped streaming from products
Processing by StoreController#index as HTML
  [1m[36mCart Load (0.0ms)[0m  [1m[34mSELECT  "carts".* FROM "carts" WHERE "carts"."id" = ? LIMIT ?[0m  [["id", 4], ["LIMIT", 1]]
  Rendering store/index.html.erb within layouts/application
  [1m[36mProduct Load (0.0ms)[0m  [1m[34mSELECT "products".* FROM "products" ORDER BY "products"."title" ASC[0m
  Rendered store/index.html.erb within layouts/application (15.6ms)
  [1m[36mLineItem Exists (0.0ms)[0m  [1m[34mSELECT  1 AS one FROM "line_items" WHERE "line_items"."cart_id" = ? LIMIT ?[0m  [["cart_id", 4], ["LIMIT", 1]]
  [1m[36mLineItem Load (0.0ms)[0m  [1m[34mSELECT "line_items".* FROM "line_items" WHERE "line_items"."cart_id" = ?[0m  [["cart_id", 4]]
  Rendered collection of templates [0 times] (0.0ms)
  Rendered carts/_cart.html.erb (0.0ms)
Completed 200 OK in 344ms (Views: 309.3ms | ActiveRecord: 0.0ms)


Started GET "/cable" for 127.0.0.1 at 2018-07-20 10:48:07 +0900
Started GET "/cable/" [WebSocket] for 127.0.0.1 at 2018-07-20 10:48:07 +0900
Successfully upgraded to WebSocket (REQUEST_METHOD: GET, HTTP_CONNECTION: keep-alive, Upgrade, HTTP_UPGRADE: websocket)
ProductsChannel is transmitting the subscription confirmation
ProductsChannel is streaming from products
Started POST "/line_items?product_id=1" for 127.0.0.1 at 2018-07-20 10:48:09 +0900
Processing by LineItemsController#create as JS
  Parameters: {"authenticity_token"=>"Jw8gVv5LMD0RlWnKFtda7GzAXydrEmLX/IerntmeGcTGb4auf+sE5ROhRB+eS1e3v+gXc03KbjeI3W6JAWAOyg==", "product_id"=>"1"}
  [1m[36mCart Load (0.0ms)[0m  [1m[34mSELECT  "carts".* FROM "carts" WHERE "carts"."id" = ? LIMIT ?[0m  [["id", 4], ["LIMIT", 1]]
  [1m[36mProduct Load (0.0ms)[0m  [1m[34mSELECT  "products".* FROM "products" WHERE "products"."id" = ? LIMIT ?[0m  [["id", 1], ["LIMIT", 1]]
  [1m[36mLineItem Load (0.0ms)[0m  [1m[34mSELECT  "line_items".* FROM "line_items" WHERE "line_items"."cart_id" = ? AND "line_items"."product_id" = ? LIMIT ?[0m  [["cart_id", 4], ["product_id", 1], ["LIMIT", 1]]
  [1m[36mProduct Load (0.0ms)[0m  [1m[34mSELECT  "products".* FROM "products" WHERE "products"."id" = ? LIMIT ?[0m  [["id", 1], ["LIMIT", 1]]
  [1m[35m (0.0ms)[0m  [1m[36mbegin transaction[0m
  [1m[35mSQL (0.0ms)[0m  [1m[32mINSERT INTO "line_items" ("product_id", "cart_id", "created_at", "updated_at", "price") VALUES (?, ?, ?, ?, ?)[0m  [["product_id", 1], ["cart_id", 4], ["created_at", "2018-07-20 01:48:09.647477"], ["updated_at", "2018-07-20 01:48:09.647477"], ["price", 25.25]]
  [1m[35m (15.6ms)[0m  [1m[36mcommit transaction[0m
  Rendering line_items/create.js.erb
  [1m[36mLineItem Load (0.0ms)[0m  [1m[34mSELECT "line_items".* FROM "line_items" WHERE "line_items"."cart_id" = ?[0m  [["cart_id", 4]]
  Rendered collection of line_items/_line_item.html.erb [1 times] (0.0ms)
  Rendered carts/_cart.html.erb (62.5ms)
  Rendered line_items/create.js.erb (125.4ms)
Completed 200 OK in 454ms (Views: 288.4ms | ActiveRecord: 15.6ms)


Started POST "/line_items?product_id=1" for 127.0.0.1 at 2018-07-20 10:48:13 +0900
Processing by LineItemsController#create as JS
  Parameters: {"authenticity_token"=>"Jw8gVv5LMD0RlWnKFtda7GzAXydrEmLX/IerntmeGcTGb4auf+sE5ROhRB+eS1e3v+gXc03KbjeI3W6JAWAOyg==", "product_id"=>"1"}
  [1m[36mCart Load (0.0ms)[0m  [1m[34mSELECT  "carts".* FROM "carts" WHERE "carts"."id" = ? LIMIT ?[0m  [["id", 4], ["LIMIT", 1]]
  [1m[36mProduct Load (0.0ms)[0m  [1m[34mSELECT  "products".* FROM "products" WHERE "products"."id" = ? LIMIT ?[0m  [["id", 1], ["LIMIT", 1]]
  [1m[36mLineItem Load (0.0ms)[0m  [1m[34mSELECT  "line_items".* FROM "line_items" WHERE "line_items"."cart_id" = ? AND "line_items"."product_id" = ? LIMIT ?[0m  [["cart_id", 4], ["product_id", 1], ["LIMIT", 1]]
  [1m[35m (0.0ms)[0m  [1m[36mbegin transaction[0m
  [1m[35mSQL (0.0ms)[0m  [1m[33mUPDATE "line_items" SET "quantity" = ?, "updated_at" = ? WHERE "line_items"."id" = ?[0m  [["quantity", 2], ["updated_at", "2018-07-20 01:48:13.617318"], ["id", 3]]
  [1m[35m (15.7ms)[0m  [1m[36mcommit transaction[0m
  Rendering line_items/create.js.erb
  [1m[36mLineItem Load (0.0ms)[0m  [1m[34mSELECT "line_items".* FROM "line_items" WHERE "line_items"."cart_id" = ?[0m  [["cart_id", 4]]
  [1m[36mProduct Load (0.0ms)[0m  [1m[34mSELECT  "products".* FROM "products" WHERE "products"."id" = ? LIMIT ?[0m  [["id", 1], ["LIMIT", 1]]
  Rendered collection of line_items/_line_item.html.erb [1 times] (15.6ms)
  Rendered carts/_cart.html.erb (62.5ms)
  Rendered line_items/create.js.erb (187.7ms)
Completed 200 OK in 547ms (Views: 385.4ms | ActiveRecord: 15.7ms)


Finished "/cable/" [WebSocket] for 127.0.0.1 at 2018-07-20 10:48:18 +0900
ProductsChannel stopped streaming from products
Started GET "/orders/new" for 127.0.0.1 at 2018-07-20 10:48:18 +0900
Processing by OrdersController#new as HTML
  [1m[36mCart Load (0.0ms)[0m  [1m[34mSELECT  "carts".* FROM "carts" WHERE "carts"."id" = ? LIMIT ?[0m  [["id", 4], ["LIMIT", 1]]
  [1m[36mLineItem Exists (0.0ms)[0m  [1m[34mSELECT  1 AS one FROM "line_items" WHERE "line_items"."cart_id" = ? LIMIT ?[0m  [["cart_id", 4], ["LIMIT", 1]]
  Rendering orders/new.html.erb within layouts/application
  Rendered orders/_form.html.erb (15.6ms)
  Rendered orders/new.html.erb within layouts/application (46.9ms)
  [1m[36mLineItem Exists (0.0ms)[0m  [1m[34mSELECT  1 AS one FROM "line_items" WHERE "line_items"."cart_id" = ? LIMIT ?[0m  [["cart_id", 4], ["LIMIT", 1]]
  [1m[36mLineItem Load (0.0ms)[0m  [1m[34mSELECT "line_items".* FROM "line_items" WHERE "line_items"."cart_id" = ?[0m  [["cart_id", 4]]
  [1m[36mProduct Load (15.6ms)[0m  [1m[34mSELECT  "products".* FROM "products" WHERE "products"."id" = ? LIMIT ?[0m  [["id", 1], ["LIMIT", 1]]
  Rendered collection of line_items/_line_item.html.erb [1 times] (15.6ms)
  Rendered carts/_cart.html.erb (46.9ms)
Completed 200 OK in 437ms (Views: 370.2ms | ActiveRecord: 15.6ms)


Started GET "/cable" for 127.0.0.1 at 2018-07-20 10:48:19 +0900
Started GET "/cable/" [WebSocket] for 127.0.0.1 at 2018-07-20 10:48:19 +0900
Successfully upgraded to WebSocket (REQUEST_METHOD: GET, HTTP_CONNECTION: keep-alive, Upgrade, HTTP_UPGRADE: websocket)
ProductsChannel is transmitting the subscription confirmation
ProductsChannel is streaming from products
Finished "/cable/" [WebSocket] for 127.0.0.1 at 2018-07-20 10:48:53 +0900
ProductsChannel stopped streaming from products
Started POST "/orders" for 127.0.0.1 at 2018-07-20 10:48:53 +0900
Processing by OrdersController#create as HTML
  Parameters: {"utf8"=>"✓", "authenticity_token"=>"gEZoaKQKoKAa6Kbfk6xN8lTqkJTZfsTFnjwWrsW9PW5hJs6QJaqUeBjciwobMECph8LYwP+myCXqZtO5HUMqYA==", "order"=>{"name"=>"Yuta Nemoto", "address"=>"Univ.Aizu Aizu-wakamatsu, Fukushima, Japan.", "email"=>"s1240234@u-aizu.ac.jp", "pay_type"=>"Credit card"}, "commit"=>"Place Order"}
  [1m[36mCart Load (0.0ms)[0m  [1m[34mSELECT  "carts".* FROM "carts" WHERE "carts"."id" = ? LIMIT ?[0m  [["id", 4], ["LIMIT", 1]]
  [1m[36mLineItem Load (0.0ms)[0m  [1m[34mSELECT "line_items".* FROM "line_items" WHERE "line_items"."cart_id" = ?[0m  [["cart_id", 4]]
  [1m[35m (0.0ms)[0m  [1m[36mbegin transaction[0m
  [1m[35mSQL (15.6ms)[0m  [1m[32mINSERT INTO "orders" ("name", "address", "email", "pay_type", "created_at", "updated_at") VALUES (?, ?, ?, ?, ?, ?)[0m  [["name", "Yuta Nemoto"], ["address", "Univ.Aizu Aizu-wakamatsu, Fukushima, Japan."], ["email", "s1240234@u-aizu.ac.jp"], ["pay_type", 1], ["created_at", "2018-07-20 01:48:53.817927"], ["updated_at", "2018-07-20 01:48:53.817927"]]
  [1m[35mSQL (0.0ms)[0m  [1m[33mUPDATE "line_items" SET "cart_id" = ?, "order_id" = ?, "updated_at" = ? WHERE "line_items"."id" = ?[0m  [["cart_id", nil], ["order_id", 2], ["updated_at", "2018-07-20 01:48:53.833546"], ["id", 3]]
  [1m[35m (31.3ms)[0m  [1m[36mcommit transaction[0m
  [1m[36mCart Load (0.0ms)[0m  [1m[34mSELECT  "carts".* FROM "carts" WHERE "carts"."id" = ? LIMIT ?[0m  [["id", 4], ["LIMIT", 1]]
  [1m[35m (0.0ms)[0m  [1m[36mbegin transaction[0m
  [1m[36mLineItem Load (0.0ms)[0m  [1m[34mSELECT "line_items".* FROM "line_items" WHERE "line_items"."cart_id" = ?[0m  [["cart_id", 4]]
  [1m[35mSQL (0.0ms)[0m  [1m[31mDELETE FROM "carts" WHERE "carts"."id" = ?[0m  [["id", 4]]
  [1m[35m (15.6ms)[0m  [1m[36mcommit transaction[0m
Redirected to http://localhost:3000/
Completed 302 Found in 63ms (ActiveRecord: 62.5ms)


Started GET "/" for 127.0.0.1 at 2018-07-20 10:48:53 +0900
Processing by StoreController#index as HTML
  [1m[36mCart Load (0.0ms)[0m  [1m[34mSELECT  "carts".* FROM "carts" WHERE "carts"."id" = ? LIMIT ?[0m  [["id", nil], ["LIMIT", 1]]
  [1m[35m (0.0ms)[0m  [1m[36mbegin transaction[0m
  [1m[35mSQL (0.0ms)[0m  [1m[32mINSERT INTO "carts" ("created_at", "updated_at") VALUES (?, ?)[0m  [["created_at", "2018-07-20 01:48:53.974162"], ["updated_at", "2018-07-20 01:48:53.974162"]]
  [1m[35m (15.7ms)[0m  [1m[36mcommit transaction[0m
  Rendering store/index.html.erb within layouts/application
  [1m[36mProduct Load (0.0ms)[0m  [1m[34mSELECT "products".* FROM "products" ORDER BY "products"."title" ASC[0m
  Rendered store/index.html.erb within layouts/application (15.6ms)
  [1m[36mLineItem Exists (0.0ms)[0m  [1m[34mSELECT  1 AS one FROM "line_items" WHERE "line_items"."cart_id" = ? LIMIT ?[0m  [["cart_id", 5], ["LIMIT", 1]]
  [1m[36mLineItem Load (0.0ms)[0m  [1m[34mSELECT "line_items".* FROM "line_items" WHERE "line_items"."cart_id" = ?[0m  [["cart_id", 5]]
  Rendered collection of templates [0 times] (0.0ms)
  Rendered carts/_cart.html.erb (0.0ms)
Completed 200 OK in 376ms (Views: 302.6ms | ActiveRecord: 15.7ms)


Started GET "/cable" for 127.0.0.1 at 2018-07-20 10:48:54 +0900
Started GET "/cable/" [WebSocket] for 127.0.0.1 at 2018-07-20 10:48:54 +0900
Successfully upgraded to WebSocket (REQUEST_METHOD: GET, HTTP_CONNECTION: keep-alive, Upgrade, HTTP_UPGRADE: websocket)
ProductsChannel is transmitting the subscription confirmation
ProductsChannel is streaming from products
Finished "/cable/" [WebSocket] for 127.0.0.1 at 2018-07-20 10:49:02 +0900
ProductsChannel stopped streaming from products
Started GET "/cable" for 127.0.0.1 at 2018-07-20 10:49:04 +0900
Started GET "/cable/" [WebSocket] for 127.0.0.1 at 2018-07-20 10:49:04 +0900
Successfully upgraded to WebSocket (REQUEST_METHOD: GET, HTTP_CONNECTION: keep-alive, Upgrade, HTTP_UPGRADE: websocket)
ProductsChannel is transmitting the subscription confirmation
ProductsChannel is streaming from products
